[debug] [2025-03-29T22:02:29.670Z] ----------------------------------------------------------------------
[debug] [2025-03-29T22:02:29.672Z] Command:       C:\Program Files\nodejs\node.exe C:\Users\zakha\AppData\Roaming\npm\node_modules\firebase-tools\lib\bin\firebase.js init functions
[debug] [2025-03-29T22:02:29.672Z] CLI Version:   14.0.1
[debug] [2025-03-29T22:02:29.672Z] Platform:      win32
[debug] [2025-03-29T22:02:29.672Z] Node Version:  v22.12.0
[debug] [2025-03-29T22:02:29.672Z] Time:          Sun Mar 30 2025 01:02:29 GMT+0300 (Arabian Standard Time)
[debug] [2025-03-29T22:02:29.672Z] ----------------------------------------------------------------------
[debug] 
[debug] [2025-03-29T22:02:29.827Z] > command requires scopes: ["email","openid","https://www.googleapis.com/auth/cloudplatformprojects.readonly","https://www.googleapis.com/auth/firebase","https://www.googleapis.com/auth/cloud-platform"]
[debug] [2025-03-29T22:02:29.827Z] > authorizing via signed-in user (zach.smith.63044@gmail.com)
[info] 
     ######## #### ########  ######## ########     ###     ######  ########
     ##        ##  ##     ## ##       ##     ##  ##   ##  ##       ##
     ######    ##  ########  ######   ########  #########  ######  ######
     ##        ##  ##    ##  ##       ##     ## ##     ##       ## ##
     ##       #### ##     ## ######## ########  ##     ##  ######  ########

You're about to initialize a Firebase project in this directory:

  C:\Users\zakha\Documents\04. F1 Analysis\React\firstreactwebsite

Before we get started, keep in mind:

  * You are initializing within an existing Firebase project directory

[info] 
=== Project Setup
[info] 
[info] First, let's associate this project directory with a Firebase project.
[info] You can create multiple project aliases by running firebase use --add, 
[info] but for now we'll just set up a default project.
[info] 
[debug] [2025-03-29T22:02:32.047Z] Using project from CLI flag: f1analysis-d2911
[debug] [2025-03-29T22:02:32.048Z] Checked if tokens are valid: true, expires at: 1743288694207
[debug] [2025-03-29T22:02:32.048Z] Checked if tokens are valid: true, expires at: 1743288694207
[debug] [2025-03-29T22:02:32.049Z] >>> [apiv2][query] GET https://firebase.googleapis.com/v1beta1/projects/f1analysis-d2911 [none]
[debug] [2025-03-29T22:02:33.016Z] <<< [apiv2][status] GET https://firebase.googleapis.com/v1beta1/projects/f1analysis-d2911 200
[debug] [2025-03-29T22:02:33.016Z] <<< [apiv2][body] GET https://firebase.googleapis.com/v1beta1/projects/f1analysis-d2911 {"projectId":"f1analysis-d2911","projectNumber":"1071034360240","displayName":"F1Analysis","name":"projects/f1analysis-d2911","resources":{"hostingSite":"f1analysis-d2911"},"state":"ACTIVE","etag":"1_08cd0830-70a0-4b3a-95d2-e056988b33f9"}
[info] i  Using project f1analysis-d2911 (F1Analysis) 
[info] 
=== Functions Setup
[debug] [2025-03-29T22:02:33.020Z] > command requires scopes: ["email","openid","https://www.googleapis.com/auth/cloudplatformprojects.readonly","https://www.googleapis.com/auth/firebase","https://www.googleapis.com/auth/cloud-platform"]
[debug] [2025-03-29T22:02:33.020Z] > authorizing via signed-in user (zach.smith.63044@gmail.com)
[debug] [2025-03-29T22:02:33.020Z] [iam] checking project f1analysis-d2911 for permissions ["firebase.projects.get"]
[debug] [2025-03-29T22:02:33.021Z] Checked if tokens are valid: true, expires at: 1743288694207
[debug] [2025-03-29T22:02:33.021Z] Checked if tokens are valid: true, expires at: 1743288694207
[debug] [2025-03-29T22:02:33.021Z] >>> [apiv2][query] POST https://cloudresourcemanager.googleapis.com/v1/projects/f1analysis-d2911:testIamPermissions [none]
[debug] [2025-03-29T22:02:33.021Z] >>> [apiv2][(partial)header] POST https://cloudresourcemanager.googleapis.com/v1/projects/f1analysis-d2911:testIamPermissions x-goog-quota-user=projects/f1analysis-d2911
[debug] [2025-03-29T22:02:33.021Z] >>> [apiv2][body] POST https://cloudresourcemanager.googleapis.com/v1/projects/f1analysis-d2911:testIamPermissions {"permissions":["firebase.projects.get"]}
[debug] [2025-03-29T22:02:34.647Z] <<< [apiv2][status] POST https://cloudresourcemanager.googleapis.com/v1/projects/f1analysis-d2911:testIamPermissions 200
[debug] [2025-03-29T22:02:34.647Z] <<< [apiv2][body] POST https://cloudresourcemanager.googleapis.com/v1/projects/f1analysis-d2911:testIamPermissions {"permissions":["firebase.projects.get"]}
[debug] [2025-03-29T22:02:34.647Z] Checked if tokens are valid: true, expires at: 1743288694207
[debug] [2025-03-29T22:02:34.647Z] Checked if tokens are valid: true, expires at: 1743288694207
[debug] [2025-03-29T22:02:34.648Z] Checked if tokens are valid: true, expires at: 1743288694207
[debug] [2025-03-29T22:02:34.648Z] Checked if tokens are valid: true, expires at: 1743288694207
[debug] [2025-03-29T22:02:34.648Z] >>> [apiv2][query] GET https://serviceusage.googleapis.com/v1/projects/f1analysis-d2911/services/cloudfunctions.googleapis.com [none]
[debug] [2025-03-29T22:02:34.648Z] >>> [apiv2][(partial)header] GET https://serviceusage.googleapis.com/v1/projects/f1analysis-d2911/services/cloudfunctions.googleapis.com x-goog-quota-user=projects/f1analysis-d2911
[debug] [2025-03-29T22:02:34.649Z] >>> [apiv2][query] GET https://serviceusage.googleapis.com/v1/projects/f1analysis-d2911/services/runtimeconfig.googleapis.com [none]
[debug] [2025-03-29T22:02:34.649Z] >>> [apiv2][(partial)header] GET https://serviceusage.googleapis.com/v1/projects/f1analysis-d2911/services/runtimeconfig.googleapis.com x-goog-quota-user=projects/f1analysis-d2911
[debug] [2025-03-29T22:02:36.492Z] <<< [apiv2][status] GET https://serviceusage.googleapis.com/v1/projects/f1analysis-d2911/services/cloudfunctions.googleapis.com 200
[debug] [2025-03-29T22:02:36.492Z] <<< [apiv2][body] GET https://serviceusage.googleapis.com/v1/projects/f1analysis-d2911/services/cloudfunctions.googleapis.com [omitted]
[debug] [2025-03-29T22:02:36.493Z] <<< [apiv2][status] GET https://serviceusage.googleapis.com/v1/projects/f1analysis-d2911/services/runtimeconfig.googleapis.com 200
[debug] [2025-03-29T22:02:36.493Z] <<< [apiv2][body] GET https://serviceusage.googleapis.com/v1/projects/f1analysis-d2911/services/runtimeconfig.googleapis.com [omitted]
[info] 
Detected existing codebase(s): default

